TN:
SF:jest/mocks/modelExamples.js
FNF:0
FNH:0
DA:1,1
DA:6,1
DA:11,1
LF:3
LH:3
BRF:0
BRH:0
end_of_record
TN:
SF:src/js/enums.js
FNF:0
FNH:0
DA:1,1
DA:6,1
DA:12,1
LF:3
LH:3
BRF:0
BRH:0
end_of_record
TN:
SF:src/js/models/Wallet.js
FN:11,Wallet
FN:22,(anonymous_1)
FN:40,(anonymous_2)
FN:65,(anonymous_3)
FN:86,(anonymous_4)
FN:92,(anonymous_5)
FNF:6
FNH:4
FNDA:3,Wallet
FNDA:2,(anonymous_1)
FNDA:0,(anonymous_2)
FNDA:0,(anonymous_3)
FNDA:2,(anonymous_4)
FNDA:3,(anonymous_5)
DA:1,1
DA:12,3
DA:13,3
DA:22,3
DA:23,2
DA:24,1
DA:26,1
DA:27,1
DA:28,1
DA:29,1
DA:30,0
DA:31,0
DA:33,1
DA:40,3
DA:41,0
DA:42,0
DA:43,0
DA:44,0
DA:45,0
DA:48,0
DA:49,0
DA:51,0
DA:52,0
DA:53,0
DA:54,0
DA:55,0
DA:57,0
DA:65,3
DA:66,0
DA:67,0
DA:69,0
DA:70,0
DA:72,0
DA:73,0
DA:74,0
DA:75,0
DA:76,0
DA:77,0
DA:80,0
DA:86,3
DA:87,2
DA:92,3
DA:93,3
DA:97,1
LF:44
LH:18
BRDA:23,0,0,1
BRDA:23,0,1,1
BRDA:23,1,0,2
BRDA:23,1,1,2
BRDA:23,1,2,2
BRDA:23,1,3,1
BRDA:28,2,0,1
BRDA:28,2,1,0
BRDA:30,3,0,0
BRDA:30,3,1,0
BRDA:43,4,0,0
BRDA:43,4,1,0
BRDA:48,5,0,0
BRDA:48,5,1,0
BRDA:52,6,0,0
BRDA:52,6,1,0
BRDA:54,7,0,0
BRDA:54,7,1,0
BRDA:66,8,0,0
BRDA:66,8,1,0
BRDA:69,9,0,0
BRDA:69,9,1,0
BRDA:76,10,0,0
BRDA:76,10,1,0
BRF:24
BRH:7
end_of_record
